

Started GET "/" for 127.0.0.1 at 2014-08-29 14:21:46 -0400

ActiveRecord::NoDatabaseError (FATAL:  database "imgur_jr_development" does not exist
Run `$ bin/rake db:create db:migrate` to create your database):
  activerecord (4.1.5) lib/active_record/connection_adapters/postgresql_adapter.rb:898:in `rescue in connect'
  activerecord (4.1.5) lib/active_record/connection_adapters/postgresql_adapter.rb:888:in `connect'
  activerecord (4.1.5) lib/active_record/connection_adapters/postgresql_adapter.rb:568:in `initialize'
  activerecord (4.1.5) lib/active_record/connection_adapters/postgresql_adapter.rb:41:in `new'
  activerecord (4.1.5) lib/active_record/connection_adapters/postgresql_adapter.rb:41:in `postgresql_connection'
  activerecord (4.1.5) lib/active_record/connection_adapters/abstract/connection_pool.rb:435:in `new_connection'
  activerecord (4.1.5) lib/active_record/connection_adapters/abstract/connection_pool.rb:445:in `checkout_new_connection'
  activerecord (4.1.5) lib/active_record/connection_adapters/abstract/connection_pool.rb:416:in `acquire_connection'
  activerecord (4.1.5) lib/active_record/connection_adapters/abstract/connection_pool.rb:351:in `block in checkout'
  /Users/stephenestrada/.rbenv/versions/2.1.1/lib/ruby/2.1.0/monitor.rb:211:in `mon_synchronize'
  activerecord (4.1.5) lib/active_record/connection_adapters/abstract/connection_pool.rb:350:in `checkout'
  activerecord (4.1.5) lib/active_record/connection_adapters/abstract/connection_pool.rb:265:in `block in connection'
  /Users/stephenestrada/.rbenv/versions/2.1.1/lib/ruby/2.1.0/monitor.rb:211:in `mon_synchronize'
  activerecord (4.1.5) lib/active_record/connection_adapters/abstract/connection_pool.rb:264:in `connection'
  activerecord (4.1.5) lib/active_record/connection_adapters/abstract/connection_pool.rb:541:in `retrieve_connection'
  activerecord (4.1.5) lib/active_record/connection_handling.rb:113:in `retrieve_connection'
  activerecord (4.1.5) lib/active_record/connection_handling.rb:87:in `connection'
  activerecord (4.1.5) lib/active_record/migration.rb:388:in `check_pending!'
  activerecord (4.1.5) lib/active_record/migration.rb:377:in `call'
  actionpack (4.1.5) lib/action_dispatch/middleware/callbacks.rb:29:in `block in call'
  activesupport (4.1.5) lib/active_support/callbacks.rb:82:in `run_callbacks'
  actionpack (4.1.5) lib/action_dispatch/middleware/callbacks.rb:27:in `call'
  actionpack (4.1.5) lib/action_dispatch/middleware/reloader.rb:73:in `call'
  actionpack (4.1.5) lib/action_dispatch/middleware/remote_ip.rb:76:in `call'
  actionpack (4.1.5) lib/action_dispatch/middleware/debug_exceptions.rb:17:in `call'
  actionpack (4.1.5) lib/action_dispatch/middleware/show_exceptions.rb:30:in `call'
  railties (4.1.5) lib/rails/rack/logger.rb:38:in `call_app'
  railties (4.1.5) lib/rails/rack/logger.rb:20:in `block in call'
  activesupport (4.1.5) lib/active_support/tagged_logging.rb:68:in `block in tagged'
  activesupport (4.1.5) lib/active_support/tagged_logging.rb:26:in `tagged'
  activesupport (4.1.5) lib/active_support/tagged_logging.rb:68:in `tagged'
  railties (4.1.5) lib/rails/rack/logger.rb:20:in `call'
  actionpack (4.1.5) lib/action_dispatch/middleware/request_id.rb:21:in `call'
  rack (1.5.2) lib/rack/methodoverride.rb:21:in `call'
  rack (1.5.2) lib/rack/runtime.rb:17:in `call'
  activesupport (4.1.5) lib/active_support/cache/strategy/local_cache_middleware.rb:26:in `call'
  rack (1.5.2) lib/rack/lock.rb:17:in `call'
  actionpack (4.1.5) lib/action_dispatch/middleware/static.rb:64:in `call'
  rack (1.5.2) lib/rack/sendfile.rb:112:in `call'
  railties (4.1.5) lib/rails/engine.rb:514:in `call'
  railties (4.1.5) lib/rails/application.rb:144:in `call'
  rack (1.5.2) lib/rack/lock.rb:17:in `call'
  rack (1.5.2) lib/rack/content_length.rb:14:in `call'
  rack (1.5.2) lib/rack/handler/webrick.rb:60:in `service'
  /Users/stephenestrada/.rbenv/versions/2.1.1/lib/ruby/2.1.0/webrick/httpserver.rb:138:in `service'
  /Users/stephenestrada/.rbenv/versions/2.1.1/lib/ruby/2.1.0/webrick/httpserver.rb:94:in `run'
  /Users/stephenestrada/.rbenv/versions/2.1.1/lib/ruby/2.1.0/webrick/server.rb:295:in `block in start_thread'


  Rendered /Users/stephenestrada/.rbenv/versions/2.1.1/lib/ruby/gems/2.1.0/gems/actionpack-4.1.5/lib/action_dispatch/middleware/templates/rescues/_source.erb (0.6ms)
  Rendered /Users/stephenestrada/.rbenv/versions/2.1.1/lib/ruby/gems/2.1.0/gems/actionpack-4.1.5/lib/action_dispatch/middleware/templates/rescues/_trace.html.erb (1.0ms)
  Rendered /Users/stephenestrada/.rbenv/versions/2.1.1/lib/ruby/gems/2.1.0/gems/actionpack-4.1.5/lib/action_dispatch/middleware/templates/rescues/_request_and_response.html.erb (0.7ms)
  Rendered /Users/stephenestrada/.rbenv/versions/2.1.1/lib/ruby/gems/2.1.0/gems/actionpack-4.1.5/lib/action_dispatch/middleware/templates/rescues/diagnostics.erb within rescues/layout (19.0ms)
  [1m[36m (4.0ms)[0m  [1mCREATE TABLE "schema_migrations" ("version" character varying(255) NOT NULL) [0m
  [1m[35m (1.5ms)[0m  CREATE UNIQUE INDEX  "unique_schema_migrations" ON "schema_migrations"  ("version")
  [1m[36mActiveRecord::SchemaMigration Load (0.3ms)[0m  [1mSELECT "schema_migrations".* FROM "schema_migrations"[0m
Migrating to CreatePhotos (20140829001302)
  [1m[35m (0.1ms)[0m  BEGIN
  [1m[36m (4.3ms)[0m  [1mCREATE TABLE "photos" ("id" serial primary key, "title" character varying(255), "url" character varying(255), "user_id" integer, "created_at" timestamp, "updated_at" timestamp) [0m
  [1m[35m (0.6ms)[0m  CREATE  INDEX  "index_photos_on_user_id" ON "photos"  ("user_id")
  [1m[36mSQL (0.3ms)[0m  [1mINSERT INTO "schema_migrations" ("version") VALUES ($1)[0m  [["version", "20140829001302"]]
  [1m[35m (0.5ms)[0m  COMMIT
Migrating to CreateUsers (20140829012748)
  [1m[36m (0.2ms)[0m  [1mBEGIN[0m
  [1m[35m (2.2ms)[0m  CREATE TABLE "users" ("id" serial primary key, "email" character varying(255), "password_digest" character varying(255), "created_at" timestamp, "updated_at" timestamp) 
  [1m[36mSQL (0.8ms)[0m  [1mINSERT INTO "schema_migrations" ("version") VALUES ($1)[0m  [["version", "20140829012748"]]
  [1m[35m (0.5ms)[0m  COMMIT
Migrating to CreateVotes (20140829031554)
  [1m[36m (0.2ms)[0m  [1mBEGIN[0m
  [1m[35m (1.6ms)[0m  CREATE TABLE "votes" ("id" serial primary key, "value" integer, "user_id" integer, "votable_id" integer, "votable_type" character varying(255), "created_at" timestamp, "updated_at" timestamp) 
  [1m[36m (0.6ms)[0m  [1mCREATE  INDEX  "index_votes_on_user_id" ON "votes"  ("user_id")[0m
  [1m[35m (0.6ms)[0m  CREATE  INDEX  "index_votes_on_votable_id_and_votable_type" ON "votes"  ("votable_id", "votable_type")
  [1m[36mSQL (0.1ms)[0m  [1mINSERT INTO "schema_migrations" ("version") VALUES ($1)[0m  [["version", "20140829031554"]]
  [1m[35m (0.3ms)[0m  COMMIT
Migrating to CreateComments (20140829031613)
  [1m[36m (0.1ms)[0m  [1mBEGIN[0m
  [1m[35m (1.6ms)[0m  CREATE TABLE "comments" ("id" serial primary key, "text" character varying(255), "photo_id" integer, "user_id" integer, "created_at" timestamp, "updated_at" timestamp) 
  [1m[36m (0.6ms)[0m  [1mCREATE  INDEX  "index_comments_on_photo_id" ON "comments"  ("photo_id")[0m
  [1m[35m (0.5ms)[0m  CREATE  INDEX  "index_comments_on_user_id" ON "comments"  ("user_id")
  [1m[36mSQL (0.1ms)[0m  [1mINSERT INTO "schema_migrations" ("version") VALUES ($1)[0m  [["version", "20140829031613"]]
  [1m[35m (0.3ms)[0m  COMMIT
Migrating to CreateSessions (20140829154114)
  [1m[36m (0.2ms)[0m  [1mBEGIN[0m
  [1m[35m (1.4ms)[0m  CREATE TABLE "sessions" ("id" serial primary key, "created_at" timestamp, "updated_at" timestamp) 
  [1m[36mSQL (0.1ms)[0m  [1mINSERT INTO "schema_migrations" ("version") VALUES ($1)[0m  [["version", "20140829154114"]]
  [1m[35m (0.2ms)[0m  COMMIT
  [1m[36mActiveRecord::SchemaMigration Load (0.2ms)[0m  [1mSELECT "schema_migrations".* FROM "schema_migrations"[0m


Started GET "/" for 127.0.0.1 at 2014-08-29 14:23:06 -0400
  [1m[36mActiveRecord::SchemaMigration Load (0.3ms)[0m  [1mSELECT "schema_migrations".* FROM "schema_migrations"[0m
Processing by PhotosController#index as HTML
  [1m[35mPhoto Load (0.4ms)[0m  SELECT "photos".* FROM "photos"
  Rendered photos/index.html.erb within layouts/application (2.0ms)
  Rendered _nav.html.erb (0.8ms)
Completed 200 OK in 842ms (Views: 829.6ms | ActiveRecord: 0.4ms)


Started GET "/assets/application.css?body=1" for 127.0.0.1 at 2014-08-29 14:23:07 -0400


Started GET "/assets/jquery_ujs.js?body=1" for 127.0.0.1 at 2014-08-29 14:23:07 -0400


Started GET "/assets/jquery.js?body=1" for 127.0.0.1 at 2014-08-29 14:23:07 -0400


Started GET "/assets/turbolinks.js?body=1" for 127.0.0.1 at 2014-08-29 14:23:07 -0400


Started GET "/assets/comments.js?body=1" for 127.0.0.1 at 2014-08-29 14:23:07 -0400


Started GET "/assets/sessions.js?body=1" for 127.0.0.1 at 2014-08-29 14:23:07 -0400


Started GET "/assets/photos.js?body=1" for 127.0.0.1 at 2014-08-29 14:23:07 -0400


Started GET "/assets/user.js?body=1" for 127.0.0.1 at 2014-08-29 14:23:07 -0400


Started GET "/assets/votes.js?body=1" for 127.0.0.1 at 2014-08-29 14:23:07 -0400


Started GET "/assets/application.js?body=1" for 127.0.0.1 at 2014-08-29 14:23:07 -0400


Started GET "/users/new" for 127.0.0.1 at 2014-08-29 14:23:14 -0400
Processing by UsersController#new as HTML
  Rendered users/new.html.erb within layouts/application (206.4ms)
  Rendered _nav.html.erb (0.5ms)
Completed 200 OK in 217ms (Views: 211.4ms | ActiveRecord: 1.4ms)


Started POST "/users" for 127.0.0.1 at 2014-08-29 14:23:24 -0400
Processing by UsersController#create as HTML
  Parameters: {"utf8"=>"✓", "authenticity_token"=>"hPza5Mckz+fMadq1xzkgg3INvzQpO7M9r6npALY5DbQ=", "user"=>{"email"=>"stephen@gmail.com", "password"=>"[FILTERED]", "password_confirmation"=>"[FILTERED]"}, "commit"=>"Register"}
  [1m[36m (0.4ms)[0m  [1mBEGIN[0m
  [1m[35mSQL (0.6ms)[0m  INSERT INTO "users" ("created_at", "email", "password_digest", "updated_at") VALUES ($1, $2, $3, $4) RETURNING "id"  [["created_at", "2014-08-29 18:23:24.093071"], ["email", "stephen@gmail.com"], ["password_digest", "$2a$10$h1YETTB20Mej67fGGjxlQeIi4W1jnLZMri/CFz3KdbgLcGDrK4Inq"], ["updated_at", "2014-08-29 18:23:24.093071"]]
  [1m[36m (0.3ms)[0m  [1mCOMMIT[0m
  [1m[35m (0.1ms)[0m  BEGIN
  [1m[36m (0.1ms)[0m  [1mCOMMIT[0m
Redirected to http://localhost:3000/photos
Completed 302 Found in 79ms (ActiveRecord: 1.7ms)


Started GET "/photos" for 127.0.0.1 at 2014-08-29 14:23:24 -0400
Processing by PhotosController#index as HTML
  [1m[35mPhoto Load (0.5ms)[0m  SELECT "photos".* FROM "photos"
  Rendered photos/index.html.erb within layouts/application (1.4ms)
  Rendered _nav.html.erb (0.2ms)
Completed 200 OK in 7ms (Views: 6.0ms | ActiveRecord: 0.5ms)


Started GET "/assets/application.css?body=1" for 127.0.0.1 at 2014-08-29 14:23:24 -0400


Started GET "/assets/comments.js?body=1" for 127.0.0.1 at 2014-08-29 14:23:24 -0400


Started GET "/assets/jquery_ujs.js?body=1" for 127.0.0.1 at 2014-08-29 14:23:24 -0400


Started GET "/assets/jquery.js?body=1" for 127.0.0.1 at 2014-08-29 14:23:24 -0400


Started GET "/assets/photos.js?body=1" for 127.0.0.1 at 2014-08-29 14:23:24 -0400


Started GET "/assets/turbolinks.js?body=1" for 127.0.0.1 at 2014-08-29 14:23:24 -0400


Started GET "/assets/sessions.js?body=1" for 127.0.0.1 at 2014-08-29 14:23:24 -0400


Started GET "/assets/user.js?body=1" for 127.0.0.1 at 2014-08-29 14:23:24 -0400


Started GET "/assets/votes.js?body=1" for 127.0.0.1 at 2014-08-29 14:23:24 -0400


Started GET "/assets/application.js?body=1" for 127.0.0.1 at 2014-08-29 14:23:24 -0400


Started GET "/photos/new" for 127.0.0.1 at 2014-08-29 14:23:40 -0400
Processing by PhotosController#new as HTML
  Rendered photos/new.html.erb within layouts/application (0.4ms)
  Rendered _nav.html.erb (0.3ms)
Completed 200 OK in 9ms (Views: 6.5ms | ActiveRecord: 1.3ms)


Started GET "/assets/jquery.js?body=1" for 127.0.0.1 at 2014-08-29 14:23:40 -0400


Started GET "/assets/jquery_ujs.js?body=1" for 127.0.0.1 at 2014-08-29 14:23:40 -0400


Started GET "/assets/application.css?body=1" for 127.0.0.1 at 2014-08-29 14:23:40 -0400


Started GET "/assets/turbolinks.js?body=1" for 127.0.0.1 at 2014-08-29 14:23:40 -0400


Started GET "/assets/photos.js?body=1" for 127.0.0.1 at 2014-08-29 14:23:40 -0400


Started GET "/assets/comments.js?body=1" for 127.0.0.1 at 2014-08-29 14:23:40 -0400


Started GET "/assets/sessions.js?body=1" for 127.0.0.1 at 2014-08-29 14:23:40 -0400


Started GET "/assets/user.js?body=1" for 127.0.0.1 at 2014-08-29 14:23:40 -0400


Started GET "/assets/votes.js?body=1" for 127.0.0.1 at 2014-08-29 14:23:40 -0400


Started GET "/assets/application.js?body=1" for 127.0.0.1 at 2014-08-29 14:23:40 -0400


Started GET "/photos/1" for 127.0.0.1 at 2014-08-29 14:23:45 -0400
Processing by PhotosController#show as HTML
  Parameters: {"id"=>"1"}
  [1m[36mPhoto Load (0.2ms)[0m  [1mSELECT  "photos".* FROM "photos"  WHERE "photos"."id" = $1 LIMIT 1[0m  [["id", 1]]
Completed 404 Not Found in 2ms

ActiveRecord::RecordNotFound (Couldn't find Photo with 'id'=1):
  app/controllers/photos_controller.rb:8:in `show'


  Rendered /Users/stephenestrada/.rbenv/versions/2.1.1/lib/ruby/gems/2.1.0/gems/actionpack-4.1.5/lib/action_dispatch/middleware/templates/rescues/_source.erb (1.5ms)
  Rendered /Users/stephenestrada/.rbenv/versions/2.1.1/lib/ruby/gems/2.1.0/gems/actionpack-4.1.5/lib/action_dispatch/middleware/templates/rescues/_trace.html.erb (1.0ms)
  Rendered /Users/stephenestrada/.rbenv/versions/2.1.1/lib/ruby/gems/2.1.0/gems/actionpack-4.1.5/lib/action_dispatch/middleware/templates/rescues/_request_and_response.html.erb (0.8ms)
  Rendered /Users/stephenestrada/.rbenv/versions/2.1.1/lib/ruby/gems/2.1.0/gems/actionpack-4.1.5/lib/action_dispatch/middleware/templates/rescues/diagnostics.erb within rescues/layout (13.5ms)


Started GET "/photos/1/edit" for 127.0.0.1 at 2014-08-29 14:23:50 -0400

AbstractController::ActionNotFound (The action 'edit' could not be found for PhotosController):
  actionpack (4.1.5) lib/abstract_controller/base.rb:131:in `process'
  actionview (4.1.5) lib/action_view/rendering.rb:30:in `process'
  actionpack (4.1.5) lib/action_controller/metal.rb:196:in `dispatch'
  actionpack (4.1.5) lib/action_controller/metal/rack_delegation.rb:13:in `dispatch'
  actionpack (4.1.5) lib/action_controller/metal.rb:232:in `block in action'
  actionpack (4.1.5) lib/action_dispatch/routing/route_set.rb:82:in `call'
  actionpack (4.1.5) lib/action_dispatch/routing/route_set.rb:82:in `dispatch'
  actionpack (4.1.5) lib/action_dispatch/routing/route_set.rb:50:in `call'
  actionpack (4.1.5) lib/action_dispatch/journey/router.rb:71:in `block in call'
  actionpack (4.1.5) lib/action_dispatch/journey/router.rb:59:in `each'
  actionpack (4.1.5) lib/action_dispatch/journey/router.rb:59:in `call'
  actionpack (4.1.5) lib/action_dispatch/routing/route_set.rb:678:in `call'
  rack (1.5.2) lib/rack/etag.rb:23:in `call'
  rack (1.5.2) lib/rack/conditionalget.rb:25:in `call'
  rack (1.5.2) lib/rack/head.rb:11:in `call'
  actionpack (4.1.5) lib/action_dispatch/middleware/params_parser.rb:27:in `call'
  actionpack (4.1.5) lib/action_dispatch/middleware/flash.rb:254:in `call'
  rack (1.5.2) lib/rack/session/abstract/id.rb:225:in `context'
  rack (1.5.2) lib/rack/session/abstract/id.rb:220:in `call'
  actionpack (4.1.5) lib/action_dispatch/middleware/cookies.rb:560:in `call'
  activerecord (4.1.5) lib/active_record/query_cache.rb:36:in `call'
  activerecord (4.1.5) lib/active_record/connection_adapters/abstract/connection_pool.rb:621:in `call'
  activerecord (4.1.5) lib/active_record/migration.rb:380:in `call'
  actionpack (4.1.5) lib/action_dispatch/middleware/callbacks.rb:29:in `block in call'
  activesupport (4.1.5) lib/active_support/callbacks.rb:82:in `run_callbacks'
  actionpack (4.1.5) lib/action_dispatch/middleware/callbacks.rb:27:in `call'
  actionpack (4.1.5) lib/action_dispatch/middleware/reloader.rb:73:in `call'
  actionpack (4.1.5) lib/action_dispatch/middleware/remote_ip.rb:76:in `call'
  actionpack (4.1.5) lib/action_dispatch/middleware/debug_exceptions.rb:17:in `call'
  actionpack (4.1.5) lib/action_dispatch/middleware/show_exceptions.rb:30:in `call'
  railties (4.1.5) lib/rails/rack/logger.rb:38:in `call_app'
  railties (4.1.5) lib/rails/rack/logger.rb:20:in `block in call'
  activesupport (4.1.5) lib/active_support/tagged_logging.rb:68:in `block in tagged'
  activesupport (4.1.5) lib/active_support/tagged_logging.rb:26:in `tagged'
  activesupport (4.1.5) lib/active_support/tagged_logging.rb:68:in `tagged'
  railties (4.1.5) lib/rails/rack/logger.rb:20:in `call'
  actionpack (4.1.5) lib/action_dispatch/middleware/request_id.rb:21:in `call'
  rack (1.5.2) lib/rack/methodoverride.rb:21:in `call'
  rack (1.5.2) lib/rack/runtime.rb:17:in `call'
  activesupport (4.1.5) lib/active_support/cache/strategy/local_cache_middleware.rb:26:in `call'
  rack (1.5.2) lib/rack/lock.rb:17:in `call'
  actionpack (4.1.5) lib/action_dispatch/middleware/static.rb:64:in `call'
  rack (1.5.2) lib/rack/sendfile.rb:112:in `call'
  railties (4.1.5) lib/rails/engine.rb:514:in `call'
  railties (4.1.5) lib/rails/application.rb:144:in `call'
  rack (1.5.2) lib/rack/lock.rb:17:in `call'
  rack (1.5.2) lib/rack/content_length.rb:14:in `call'
  rack (1.5.2) lib/rack/handler/webrick.rb:60:in `service'
  /Users/stephenestrada/.rbenv/versions/2.1.1/lib/ruby/2.1.0/webrick/httpserver.rb:138:in `service'
  /Users/stephenestrada/.rbenv/versions/2.1.1/lib/ruby/2.1.0/webrick/httpserver.rb:94:in `run'
  /Users/stephenestrada/.rbenv/versions/2.1.1/lib/ruby/2.1.0/webrick/server.rb:295:in `block in start_thread'


  Rendered /Users/stephenestrada/.rbenv/versions/2.1.1/lib/ruby/gems/2.1.0/gems/actionpack-4.1.5/lib/action_dispatch/middleware/templates/rescues/unknown_action.html.erb within rescues/layout (0.4ms)
